<?xml version="1.0" encoding="UTF-8"?>
<testsuite xmlns:xsi="http://www.w3.org/2001/XMLSchema-instance" xsi:noNamespaceSchemaLocation="https://maven.apache.org/surefire/maven-surefire-plugin/xsd/surefire-test-report.xsd" version="3.0.2" name="com.anticithera.backend.rest.FileResourceTest" time="0.069" tests="6" errors="0" skipped="0" failures="0">
  <properties>
[...]
</properties>
  <testcase name="downloadZip_Success_WhenFileBelongsToUser" classname="com.anticithera.backend.rest.FileResourceTest" time="0.04"/>
  <testcase name="uploadZip_InternalServerError_WhenExceptionOccurs" classname="com.anticithera.backend.rest.FileResourceTest" time="0.006"/>
  <testcase name="uploadZip_Unauthorized_WhenTokenInvalid" classname="com.anticithera.backend.rest.FileResourceTest" time="0.004"/>
  <testcase name="uploadZip_Unauthorized_WhenHeaderIsNull" classname="com.anticithera.backend.rest.FileResourceTest" time="0.004"/>
  <testcase name="listZips_Success_WhenTokenValid" classname="com.anticithera.backend.rest.FileResourceTest" time="0.005"/>
  <testcase name="downloadZip_NotFound_WhenFileBelongsToOtherUser" classname="com.anticithera.backend.rest.FileResourceTest" time="0.005"/>
</testsuite>